<?xml version="1.0" encoding="UTF-8"?>
<!-- Generated by org.testng.reporters.JUnitReportReporter -->
<testsuite hostname="LAPTOP-1KHLGN6R" failures="0" tests="3" name="others.TestFrames" time="36.672" errors="0" timestamp="2022-11-28T11:54:08 IST" skipped="0">
  <testcase classname="others.TestFrames" name="TestLaunchFrames" time="0.023"/>
  <system-out/>
  <testcase classname="others.TestFrames" name="TestFramesInPage" time="0.102"/>
  <system-out/>
  <testcase classname="others.TestFrames" name="TestFrameNavigation" time="36.547"/>
  <system-out/>
</testsuite> <!-- others.TestFrames -->
