<?xml version="1.0" encoding="UTF-8"?>
<!-- Generated by org.testng.reporters.JUnitReportReporter -->
<testsuite hostname="LAPTOP-1KHLGN6R" failures="0" tests="2" name="others.TestHerokuapp" time="0.413" errors="0" timestamp="2022-11-28T13:00:11 IST" skipped="0">
  <testcase classname="others.TestHerokuapp" name="SortTest" time="0.206"/>
  <system-out/>
  <testcase classname="others.TestHerokuapp" name="getPriceTest" time="0.207"/>
  <system-out/>
</testsuite> <!-- others.TestHerokuapp -->
