<?xml version="1.0" encoding="UTF-8"?>
<!-- Generated by org.testng.reporters.JUnitReportReporter -->
<testsuite hostname="LAPTOP-1KHLGN6R" failures="0" tests="5" name="demo.TestGMO" time="2.808" errors="0" timestamp="2022-11-26T12:02:17 IST" skipped="0">
  <testcase classname="demo.TestGMO" name="testNavigateToGMOSite" time="0.046"/>
  <system-out/>
  <testcase classname="demo.TestGMO" name="testCatalogPage" time="0.645"/>
  <system-out/>
  <testcase classname="demo.TestGMO" name="testplaceorderPage" time="0.562"/>
  <system-out/>
  <testcase classname="demo.TestGMO" name="testbillingPage" time="1.537"/>
  <system-out/>
  <testcase classname="demo.TestGMO" name="testReceiptPage" time="0.018"/>
  <system-out/>
</testsuite> <!-- demo.TestGMO -->
