<?xml version="1.0" encoding="UTF-8"?>
<!-- Generated by org.testng.reporters.JUnitReportReporter -->
<testsuite hostname="LAPTOP-1KHLGN6R" failures="0" tests="14" name="OrangeHRM.TestOrangeHRM" time="11.425" errors="0" timestamp="2022-11-28T16:31:55 IST" skipped="11">
  <testcase classname="OrangeHRM.TestOrangeHRM" name="TestLogin" time="3.512"/>
  <system-out/>
  <testcase classname="OrangeHRM.TestOrangeHRM" name="TestAdmin" time="2.232"/>
  <system-out/>
  <testcase classname="OrangeHRM.TestOrangeHRM" name="TestMultipleSelectDeleteButton" time="5.681"/>
  <system-out/>
  <testcase classname="OrangeHRM.TestOrangeHRM" name="TestSearchButtonByUserName">
    <skipped/>
  </testcase> <!-- TestSearchButtonByUserName -->
  <system-out/>
  <testcase classname="OrangeHRM.TestOrangeHRM" name="TestSearchButtonByUserRole">
    <skipped/>
  </testcase> <!-- TestSearchButtonByUserRole -->
  <system-out/>
  <testcase classname="OrangeHRM.TestOrangeHRM" name="TestSystemUsersResetButton">
    <skipped/>
  </testcase> <!-- TestSystemUsersResetButton -->
  <system-out/>
  <testcase classname="OrangeHRM.TestOrangeHRM" name="TestAddUser">
    <skipped/>
  </testcase> <!-- TestAddUser -->
  <system-out/>
  <testcase classname="OrangeHRM.TestOrangeHRM" name="TestEditButton">
    <skipped/>
  </testcase> <!-- TestEditButton -->
  <system-out/>
  <testcase classname="OrangeHRM.TestOrangeHRM" name="TestSearchButtonByStatus">
    <skipped/>
  </testcase> <!-- TestSearchButtonByStatus -->
  <system-out/>
  <testcase classname="OrangeHRM.TestOrangeHRM" name="TestEditUserCancelButton">
    <skipped/>
  </testcase> <!-- TestEditUserCancelButton -->
  <system-out/>
  <testcase classname="OrangeHRM.TestOrangeHRM" name="TestGetElementsfromTable">
    <skipped/>
  </testcase> <!-- TestGetElementsfromTable -->
  <system-out/>
  <testcase classname="OrangeHRM.TestOrangeHRM" name="TestDeleteButton">
    <skipped/>
  </testcase> <!-- TestDeleteButton -->
  <system-out/>
  <testcase classname="OrangeHRM.TestOrangeHRM" name="TestAddUserCancelButton">
    <skipped/>
  </testcase> <!-- TestAddUserCancelButton -->
  <system-out/>
  <testcase classname="OrangeHRM.TestOrangeHRM" name="TestSearchButtonByEmployeeName">
    <skipped/>
  </testcase> <!-- TestSearchButtonByEmployeeName -->
  <system-out/>
</testsuite> <!-- OrangeHRM.TestOrangeHRM -->
