<?xml version="1.0" encoding="UTF-8"?>
<!-- Generated by org.testng.reporters.JUnitReportReporter -->
<testsuite hostname="LAPTOP-1KHLGN6R" failures="0" tests="5" name="testngRunner.runTestngTest" time="3.076" errors="0" timestamp="2022-11-23T16:19:19 IST" skipped="0">
  <testcase classname="testngRunner.runTestngTest" name="runScenario" time="0.479"/>
  <system-out/>
  <testcase classname="testngRunner.runTestngTest" name="runScenario" time="1.133"/>
  <system-out/>
  <testcase classname="testngRunner.runTestngTest" name="runScenario" time="0.096"/>
  <system-out/>
  <testcase classname="testngRunner.runTestngTest" name="runScenario" time="0.703"/>
  <system-out/>
  <testcase classname="testngRunner.runTestngTest" name="runScenario" time="0.665"/>
  <system-out/>
</testsuite> <!-- testngRunner.runTestngTest -->
